Flow report for part3ECF
Mon Oct 03 21:42:53 2016
Quartus Prime Version 16.0.0 Build 211 04/27/2016 SJ Lite Edition


---------------------
; Table of Contents ;
---------------------
  1. Legal Notice
  2. Flow Summary
  3. Flow Settings
  4. Flow Non-Default Global Settings
  5. Flow Elapsed Time
  6. Flow OS Summary
  7. Flow Log
  8. Flow Messages
  9. Flow Suppressed Messages



----------------
; Legal Notice ;
----------------
Copyright (C) 1991-2016 Altera Corporation. All rights reserved.
Your use of Altera Corporation's design tools, logic functions 
and other software and tools, and its AMPP partner logic 
functions, and any output files from any of the foregoing 
(including device programming or simulation files), and any 
associated documentation or information are expressly subject 
to the terms and conditions of the Altera Program License 
Subscription Agreement, the Altera Quartus Prime License Agreement,
the Altera MegaCore Function License Agreement, or other 
applicable license agreement, including, without limitation, 
that your use is for the sole purpose of programming logic 
devices manufactured by Altera and sold by Altera or its 
authorized distributors.  Please refer to the applicable 
agreement for further details.



+-------------------------------------------------------------------------------+
; Flow Summary                                                                  ;
+---------------------------------+---------------------------------------------+
; Flow Status                     ; Successful - Mon Oct 03 21:42:53 2016       ;
; Quartus Prime Version           ; 16.0.0 Build 211 04/27/2016 SJ Lite Edition ;
; Revision Name                   ; part3ECF                                    ;
; Top-level Entity Name           ; part3ECF                                    ;
; Family                          ; Cyclone V                                   ;
; Device                          ; 5CSEMA5F31C6                                ;
; Timing Models                   ; Final                                       ;
; Logic utilization (in ALMs)     ; 2 / 32,070 ( < 1 % )                        ;
; Total registers                 ; 0                                           ;
; Total pins                      ; 20 / 457 ( 4 % )                            ;
; Total virtual pins              ; 0                                           ;
; Total block memory bits         ; 0 / 4,065,280 ( 0 % )                       ;
; Total DSP Blocks                ; 0 / 87 ( 0 % )                              ;
; Total HSSI RX PCSs              ; 0                                           ;
; Total HSSI PMA RX Deserializers ; 0                                           ;
; Total HSSI TX PCSs              ; 0                                           ;
; Total HSSI PMA TX Serializers   ; 0                                           ;
; Total PLLs                      ; 0 / 6 ( 0 % )                               ;
; Total DLLs                      ; 0 / 4 ( 0 % )                               ;
+---------------------------------+---------------------------------------------+


+-----------------------------------------+
; Flow Settings                           ;
+-------------------+---------------------+
; Option            ; Setting             ;
+-------------------+---------------------+
; Start date & time ; 10/03/2016 21:32:47 ;
; Main task         ; Compilation         ;
; Revision Name     ; part3ECF            ;
+-------------------+---------------------+


+----------------------------------------------------------------------------------------------------------------------+
; Flow Non-Default Global Settings                                                                                     ;
+-------------------------------------+---------------------------------+---------------+-------------+----------------+
; Assignment Name                     ; Value                           ; Default Value ; Entity Name ; Section Id     ;
+-------------------------------------+---------------------------------+---------------+-------------+----------------+
; COMPILER_SIGNATURE_ID               ; 180331615742720.147554476712788 ; --            ; --          ; --             ;
; EDA_OUTPUT_DATA_FORMAT              ; Verilog Hdl                     ; --            ; --          ; eda_simulation ;
; EDA_SIMULATION_TOOL                 ; ModelSim-Altera (Verilog)       ; <None>        ; --          ; --             ;
; EDA_TIME_SCALE                      ; 1 ps                            ; --            ; --          ; eda_simulation ;
; MAX_CORE_JUNCTION_TEMP              ; 85                              ; --            ; --          ; --             ;
; MIN_CORE_JUNCTION_TEMP              ; 0                               ; --            ; --          ; --             ;
; PARTITION_COLOR                     ; 16764057                        ; --            ; --          ; Top            ;
; PARTITION_FITTER_PRESERVATION_LEVEL ; PLACEMENT_AND_ROUTING           ; --            ; --          ; Top            ;
; PARTITION_NETLIST_TYPE              ; SOURCE                          ; --            ; --          ; Top            ;
; PROJECT_OUTPUT_DIRECTORY            ; output_files                    ; --            ; --          ; --             ;
+-------------------------------------+---------------------------------+---------------+-------------+----------------+


+-------------------------------------------------------------------------------------------------------------------------------+
; Flow Elapsed Time                                                                                                             ;
+---------------------------+--------------+-------------------------+---------------------+------------------------------------+
; Module Name               ; Elapsed Time ; Average Processors Used ; Peak Virtual Memory ; Total CPU Time (on all processors) ;
+---------------------------+--------------+-------------------------+---------------------+------------------------------------+
; Analysis & Synthesis      ; 00:00:15     ; 1.0                     ; 906 MB              ; 00:00:35                           ;
; Fitter                    ; 00:00:46     ; 1.0                     ; 2277 MB             ; 00:01:10                           ;
; Assembler                 ; 00:00:07     ; 1.0                     ; 922 MB              ; 00:00:07                           ;
; TimeQuest Timing Analyzer ; 00:00:05     ; 1.0                     ; 1195 MB             ; 00:00:05                           ;
; EDA Netlist Writer        ; 00:00:02     ; 1.0                     ; 828 MB              ; 00:00:01                           ;
; EDA Netlist Writer        ; 00:00:01     ; 1.0                     ; 809 MB              ; 00:00:01                           ;
; EDA Netlist Writer        ; 00:00:01     ; 1.0                     ; 818 MB              ; 00:00:01                           ;
; EDA Netlist Writer        ; 00:00:01     ; 1.0                     ; 809 MB              ; 00:00:01                           ;
; EDA Netlist Writer        ; 00:00:02     ; 1.0                     ; 818 MB              ; 00:00:01                           ;
; EDA Netlist Writer        ; 00:00:01     ; 1.0                     ; 809 MB              ; 00:00:01                           ;
; EDA Netlist Writer        ; 00:00:01     ; 1.0                     ; 829 MB              ; 00:00:01                           ;
; EDA Netlist Writer        ; 00:00:01     ; 1.0                     ; 809 MB              ; 00:00:01                           ;
; EDA Netlist Writer        ; 00:00:01     ; 1.0                     ; 818 MB              ; 00:00:01                           ;
; Total                     ; 00:01:24     ; --                      ; --                  ; 00:02:06                           ;
+---------------------------+--------------+-------------------------+---------------------+------------------------------------+


+----------------------------------------------------------------------------------------+
; Flow OS Summary                                                                        ;
+---------------------------+------------------+-----------+------------+----------------+
; Module Name               ; Machine Hostname ; OS Name   ; OS Version ; Processor type ;
+---------------------------+------------------+-----------+------------+----------------+
; Analysis & Synthesis      ; TheSpectre       ; Windows 8 ; 6.2        ; x86_64         ;
; Fitter                    ; TheSpectre       ; Windows 8 ; 6.2        ; x86_64         ;
; Assembler                 ; TheSpectre       ; Windows 8 ; 6.2        ; x86_64         ;
; TimeQuest Timing Analyzer ; TheSpectre       ; Windows 8 ; 6.2        ; x86_64         ;
; EDA Netlist Writer        ; TheSpectre       ; Windows 8 ; 6.2        ; x86_64         ;
; EDA Netlist Writer        ; TheSpectre       ; Windows 8 ; 6.2        ; x86_64         ;
; EDA Netlist Writer        ; TheSpectre       ; Windows 8 ; 6.2        ; x86_64         ;
; EDA Netlist Writer        ; TheSpectre       ; Windows 8 ; 6.2        ; x86_64         ;
; EDA Netlist Writer        ; TheSpectre       ; Windows 8 ; 6.2        ; x86_64         ;
; EDA Netlist Writer        ; TheSpectre       ; Windows 8 ; 6.2        ; x86_64         ;
; EDA Netlist Writer        ; TheSpectre       ; Windows 8 ; 6.2        ; x86_64         ;
; EDA Netlist Writer        ; TheSpectre       ; Windows 8 ; 6.2        ; x86_64         ;
; EDA Netlist Writer        ; TheSpectre       ; Windows 8 ; 6.2        ; x86_64         ;
+---------------------------+------------------+-----------+------------+----------------+


------------
; Flow Log ;
------------
quartus_map --read_settings_files=on --write_settings_files=off part3ECF -c part3ECF
quartus_fit --read_settings_files=off --write_settings_files=off part3ECF -c part3ECF
quartus_asm --read_settings_files=off --write_settings_files=off part3ECF -c part3ECF
quartus_sta part3ECF -c part3ECF
quartus_eda --read_settings_files=off --write_settings_files=off part3ECF -c part3ECF
quartus_eda --gen_testbench --tool=modelsim_oem --format=verilog --write_settings_files=off part3ECF -c part3ECF --vector_source="C:/Users/aidan/Desktop/ECE Labs/Lab2-3/part3ECF/Waveform.vwf" --testbench_file="C:/Users/aidan/Desktop/ECE Labs/Lab2-3/part3ECF/simulation/qsim/Waveform.vwf.vt"
quartus_eda --write_settings_files=off --functional=on --flatten_buses=off --simulation=on --tool=modelsim_oem --format=verilog --output_directory="C:/Users/aidan/Desktop/ECE Labs/Lab2-3/part3ECF/simulation/qsim/" part3ECF -c part3ECF
quartus_eda --gen_testbench --tool=modelsim_oem --format=verilog --write_settings_files=off part3ECF -c part3ECF --vector_source="C:/Users/aidan/Desktop/ECE Labs/Lab2-3/part3ECF/Part3Sim.vwf" --testbench_file="C:/Users/aidan/Desktop/ECE Labs/Lab2-3/part3ECF/simulation/qsim/Part3Sim.vwf.vt"
quartus_eda --write_settings_files=off --functional=on --flatten_buses=off --simulation=on --tool=modelsim_oem --format=verilog --output_directory="C:/Users/aidan/Desktop/ECE Labs/Lab2-3/part3ECF/simulation/qsim/" part3ECF -c part3ECF
quartus_eda --gen_testbench --tool=modelsim_oem --format=verilog --write_settings_files=off part3ECF -c part3ECF --vector_source="C:/Users/aidan/Desktop/ECE Labs/Lab2-3/part3ECF/Part3Sim.vwf" --testbench_file="C:/Users/aidan/Desktop/ECE Labs/Lab2-3/part3ECF/simulation/qsim/Part3Sim.vwf.vt"
quartus_eda --write_settings_files=off --functional=off --flatten_buses=off --timescale=1ps --simulation=on --tool=modelsim_oem --format=verilog --output_directory="C:/Users/aidan/Desktop/ECE Labs/Lab2-3/part3ECF/simulation/qsim/" part3ECF -c part3ECF
quartus_eda --gen_testbench --tool=modelsim_oem --format=verilog --write_settings_files=off part3ECF -c part3ECF --vector_source="C:/Users/aidan/Desktop/ECE Labs/Lab2-3/part3ECF/Part3Sim.vwf" --testbench_file="C:/Users/aidan/Desktop/ECE Labs/Lab2-3/part3ECF/simulation/qsim/Part3Sim.vwf.vt"
quartus_eda --write_settings_files=off --functional=on --flatten_buses=off --simulation=on --tool=modelsim_oem --format=verilog --output_directory="C:/Users/aidan/Desktop/ECE Labs/Lab2-3/part3ECF/simulation/qsim/" part3ECF -c part3ECF



